{"total": {"lines":{"total":1231,"covered":483,"skipped":0,"pct":39.23},"statements":{"total":1278,"covered":498,"skipped":0,"pct":38.96},"functions":{"total":268,"covered":104,"skipped":0,"pct":38.8},"branches":{"total":608,"covered":188,"skipped":0,"pct":30.92},"branchesTrue":{"total":0,"covered":0,"skipped":0,"pct":100}}
,"/Users/igorganapolsky/workspace/git/igor/openclaw-console/openclaw-skills/src/analytics/events.ts": {"lines":{"total":176,"covered":93,"skipped":0,"pct":52.84},"functions":{"total":26,"covered":17,"skipped":0,"pct":65.38},"statements":{"total":181,"covered":97,"skipped":0,"pct":53.59},"branches":{"total":96,"covered":30,"skipped":0,"pct":31.25}}
,"/Users/igorganapolsky/workspace/git/igor/openclaw-console/openclaw-skills/src/billing/revenuecat.ts": {"lines":{"total":167,"covered":40,"skipped":0,"pct":23.95},"functions":{"total":25,"covered":5,"skipped":0,"pct":20},"statements":{"total":174,"covered":40,"skipped":0,"pct":22.98},"branches":{"total":75,"covered":14,"skipped":0,"pct":18.66}}
,"/Users/igorganapolsky/workspace/git/igor/openclaw-console/openclaw-skills/src/config/agents.ts": {"lines":{"total":4,"covered":2,"skipped":0,"pct":50},"functions":{"total":2,"covered":0,"skipped":0,"pct":0},"statements":{"total":4,"covered":2,"skipped":0,"pct":50},"branches":{"total":1,"covered":0,"skipped":0,"pct":0}}
,"/Users/igorganapolsky/workspace/git/igor/openclaw-console/openclaw-skills/src/config/default.ts": {"lines":{"total":5,"covered":4,"skipped":0,"pct":80},"functions":{"total":2,"covered":2,"skipped":0,"pct":100},"statements":{"total":5,"covered":4,"skipped":0,"pct":80},"branches":{"total":30,"covered":29,"skipped":0,"pct":96.66}}
,"/Users/igorganapolsky/workspace/git/igor/openclaw-console/openclaw-skills/src/gateway/auth.ts": {"lines":{"total":48,"covered":46,"skipped":0,"pct":95.83},"functions":{"total":17,"covered":17,"skipped":0,"pct":100},"statements":{"total":55,"covered":53,"skipped":0,"pct":96.36},"branches":{"total":24,"covered":23,"skipped":0,"pct":95.83}}
,"/Users/igorganapolsky/workspace/git/igor/openclaw-console/openclaw-skills/src/gateway/container-manager.ts": {"lines":{"total":44,"covered":2,"skipped":0,"pct":4.54},"functions":{"total":15,"covered":1,"skipped":0,"pct":6.66},"statements":{"total":47,"covered":2,"skipped":0,"pct":4.25},"branches":{"total":7,"covered":0,"skipped":0,"pct":0}}
,"/Users/igorganapolsky/workspace/git/igor/openclaw-console/openclaw-skills/src/gateway/mcp-manager.ts": {"lines":{"total":56,"covered":2,"skipped":0,"pct":3.57},"functions":{"total":20,"covered":1,"skipped":0,"pct":5},"statements":{"total":59,"covered":2,"skipped":0,"pct":3.38},"branches":{"total":40,"covered":0,"skipped":0,"pct":0}}
,"/Users/igorganapolsky/workspace/git/igor/openclaw-console/openclaw-skills/src/gateway/model-provider.ts": {"lines":{"total":14,"covered":13,"skipped":0,"pct":92.85},"functions":{"total":3,"covered":2,"skipped":0,"pct":66.66},"statements":{"total":15,"covered":13,"skipped":0,"pct":86.66},"branches":{"total":11,"covered":7,"skipped":0,"pct":63.63}}
,"/Users/igorganapolsky/workspace/git/igor/openclaw-console/openclaw-skills/src/gateway/policy.ts": {"lines":{"total":34,"covered":24,"skipped":0,"pct":70.58},"functions":{"total":7,"covered":6,"skipped":0,"pct":85.71},"statements":{"total":35,"covered":25,"skipped":0,"pct":71.42},"branches":{"total":37,"covered":17,"skipped":0,"pct":45.94}}
,"/Users/igorganapolsky/workspace/git/igor/openclaw-console/openclaw-skills/src/gateway/project-session.ts": {"lines":{"total":28,"covered":24,"skipped":0,"pct":85.71},"functions":{"total":3,"covered":3,"skipped":0,"pct":100},"statements":{"total":28,"covered":24,"skipped":0,"pct":85.71},"branches":{"total":31,"covered":22,"skipped":0,"pct":70.96}}
,"/Users/igorganapolsky/workspace/git/igor/openclaw-console/openclaw-skills/src/gateway/remote-api.ts": {"lines":{"total":33,"covered":8,"skipped":0,"pct":24.24},"functions":{"total":8,"covered":1,"skipped":0,"pct":12.5},"statements":{"total":33,"covered":8,"skipped":0,"pct":24.24},"branches":{"total":10,"covered":0,"skipped":0,"pct":0}}
,"/Users/igorganapolsky/workspace/git/igor/openclaw-console/openclaw-skills/src/gateway/server.ts": {"lines":{"total":156,"covered":67,"skipped":0,"pct":42.94},"functions":{"total":31,"covered":10,"skipped":0,"pct":32.25},"statements":{"total":157,"covered":67,"skipped":0,"pct":42.67},"branches":{"total":71,"covered":10,"skipped":0,"pct":14.08}}
,"/Users/igorganapolsky/workspace/git/igor/openclaw-console/openclaw-skills/src/gateway/skill-generator.ts": {"lines":{"total":20,"covered":2,"skipped":0,"pct":10},"functions":{"total":3,"covered":1,"skipped":0,"pct":33.33},"statements":{"total":21,"covered":2,"skipped":0,"pct":9.52},"branches":{"total":8,"covered":0,"skipped":0,"pct":0}}
,"/Users/igorganapolsky/workspace/git/igor/openclaw-console/openclaw-skills/src/gateway/state.ts": {"lines":{"total":102,"covered":80,"skipped":0,"pct":78.43},"functions":{"total":36,"covered":19,"skipped":0,"pct":52.77},"statements":{"total":113,"covered":82,"skipped":0,"pct":72.56},"branches":{"total":23,"covered":18,"skipped":0,"pct":78.26}}
,"/Users/igorganapolsky/workspace/git/igor/openclaw-console/openclaw-skills/src/gateway/websocket.ts": {"lines":{"total":118,"covered":30,"skipped":0,"pct":25.42},"functions":{"total":41,"covered":9,"skipped":0,"pct":21.95},"statements":{"total":123,"covered":30,"skipped":0,"pct":24.39},"branches":{"total":23,"covered":0,"skipped":0,"pct":0}}
,"/Users/igorganapolsky/workspace/git/igor/openclaw-console/openclaw-skills/src/integrations/devops-hub.ts": {"lines":{"total":225,"covered":45,"skipped":0,"pct":20},"functions":{"total":29,"covered":10,"skipped":0,"pct":34.48},"statements":{"total":227,"covered":46,"skipped":0,"pct":20.26},"branches":{"total":121,"covered":18,"skipped":0,"pct":14.87}}
,"/Users/igorganapolsky/workspace/git/igor/openclaw-console/openclaw-skills/src/types/protocol.ts": {"lines":{"total":1,"covered":1,"skipped":0,"pct":100},"functions":{"total":0,"covered":0,"skipped":0,"pct":100},"statements":{"total":1,"covered":1,"skipped":0,"pct":100},"branches":{"total":0,"covered":0,"skipped":0,"pct":100}}
}
