<?xml version="1.0" encoding="UTF-8"?>
<testsuite name="com.openclaw.console.data.viewmodel.GitViewModelTest" tests="12" skipped="0" failures="0" errors="0" timestamp="2026-03-11T18:14:24" hostname="FWH-Mac-C7JJF0JY2P" time="0.493">
  <properties/>
  <testcase name="setRepository should observe agents and update state" classname="com.openclaw.console.data.viewmodel.GitViewModelTest" time="0.47"/>
  <testcase name="setCurrentAgent should update repository state with correct agent" classname="com.openclaw.console.data.viewmodel.GitViewModelTest" time="0.005"/>
  <testcase name="refresh should call repository refresh and reload data" classname="com.openclaw.console.data.viewmodel.GitViewModelTest" time="0.003"/>
  <testcase name="rejectGitAction should clear approval request" classname="com.openclaw.console.data.viewmodel.GitViewModelTest" time="0.002"/>
  <testcase name="setCurrentAgent with unknown agent should handle gracefully" classname="com.openclaw.console.data.viewmodel.GitViewModelTest" time="0.001"/>
  <testcase name="approveGitAction should set approval in progress and clear request" classname="com.openclaw.console.data.viewmodel.GitViewModelTest" time="0.002"/>
  <testcase name="agent without git state should handle gracefully" classname="com.openclaw.console.data.viewmodel.GitViewModelTest" time="0.002"/>
  <testcase name="setCurrentAgent should update branch status state" classname="com.openclaw.console.data.viewmodel.GitViewModelTest" time="0.001"/>
  <testcase name="selectDiff should update selected diff in approval state" classname="com.openclaw.console.data.viewmodel.GitViewModelTest" time="0.001"/>
  <testcase name="setRepository with null should clear all state" classname="com.openclaw.console.data.viewmodel.GitViewModelTest" time="0.002"/>
  <testcase name="loadApprovalRequest should update approval detail state" classname="com.openclaw.console.data.viewmodel.GitViewModelTest" time="0.001"/>
  <testcase name="clearError should clear errors from all states" classname="com.openclaw.console.data.viewmodel.GitViewModelTest" time="0.002"/>
  <system-out><![CDATA[]]></system-out>
  <system-err><![CDATA[]]></system-err>
</testsuite>
